2019-06-24 11:33:47,622 INFO [main] c.s.RunApplication [StartupInfoLogger.java:50] Starting RunApplication on MXL7291B5B with PID 4392 (C:\react\PerpAdmin\target\classes started by sgumudav in C:\react\PerpAdmin)
2019-06-24 11:33:47,627 INFO [main] c.s.RunApplication [SpringApplication.java:659] No active profile set, falling back to default profiles: default
2019-06-24 11:33:47,681 INFO [main] o.s.b.w.s.c.AnnotationConfigServletWebServerApplicationContext [AbstractApplicationContext.java:590] Refreshing org.springframework.boot.web.servlet.context.AnnotationConfigServletWebServerApplicationContext@72057ecf: startup date [Mon Jun 24 11:33:47 PDT 2019]; root of context hierarchy
2019-06-24 11:33:49,225 INFO [main] o.s.d.r.c.RepositoryConfigurationDelegate [RepositoryConfigurationDelegate.java:163] Multiple Spring Data modules found, entering strict repository configuration mode!
2019-06-24 11:33:49,385 INFO [main] o.s.d.r.c.RepositoryConfigurationDelegate [RepositoryConfigurationDelegate.java:163] Multiple Spring Data modules found, entering strict repository configuration mode!
2019-06-24 11:33:49,444 INFO [main] o.s.d.r.c.RepositoryConfigurationExtensionSupport [RepositoryConfigurationExtensionSupport.java:297] Spring Data Redis - Could not safely identify store assignment for repository candidate interface com.springapp.modules.security.repository.PermissionRepository.
2019-06-24 11:33:49,446 INFO [main] o.s.d.r.c.RepositoryConfigurationExtensionSupport [RepositoryConfigurationExtensionSupport.java:297] Spring Data Redis - Could not safely identify store assignment for repository candidate interface com.springapp.modules.security.repository.perp.RegistrationItemsRepository.
2019-06-24 11:33:49,448 INFO [main] o.s.d.r.c.RepositoryConfigurationExtensionSupport [RepositoryConfigurationExtensionSupport.java:297] Spring Data Redis - Could not safely identify store assignment for repository candidate interface com.springapp.modules.security.repository.RoleRepository.
2019-06-24 11:33:49,449 INFO [main] o.s.d.r.c.RepositoryConfigurationExtensionSupport [RepositoryConfigurationExtensionSupport.java:297] Spring Data Redis - Could not safely identify store assignment for repository candidate interface com.springapp.modules.security.repository.UserRepository.
2019-06-24 11:33:49,859 INFO [main] o.s.b.f.a.AutowiredAnnotationBeanPostProcessor [AutowiredAnnotationBeanPostProcessor.java:154] JSR-330 'javax.inject.Inject' annotation found and supported for autowiring
2019-06-24 11:33:49,989 INFO [main] o.s.c.s.PostProcessorRegistrationDelegate$BeanPostProcessorChecker [PostProcessorRegistrationDelegate.java:328] Bean 'org.springframework.transaction.annotation.ProxyTransactionManagementConfiguration' of type [org.springframework.transaction.annotation.ProxyTransactionManagementConfiguration$$EnhancerBySpringCGLIB$$236152a2] is not eligible for getting processed by all BeanPostProcessors (for example: not eligible for auto-proxying)
2019-06-24 11:33:50,104 INFO [main] o.s.c.s.PostProcessorRegistrationDelegate$BeanPostProcessorChecker [PostProcessorRegistrationDelegate.java:328] Bean 'org.springframework.security.config.annotation.configuration.ObjectPostProcessorConfiguration' of type [org.springframework.security.config.annotation.configuration.ObjectPostProcessorConfiguration$$EnhancerBySpringCGLIB$$bc0f1adc] is not eligible for getting processed by all BeanPostProcessors (for example: not eligible for auto-proxying)
2019-06-24 11:33:50,112 INFO [main] o.s.c.s.PostProcessorRegistrationDelegate$BeanPostProcessorChecker [PostProcessorRegistrationDelegate.java:328] Bean 'objectPostProcessor' of type [org.springframework.security.config.annotation.configuration.AutowireBeanFactoryObjectPostProcessor] is not eligible for getting processed by all BeanPostProcessors (for example: not eligible for auto-proxying)
2019-06-24 11:33:50,113 INFO [main] o.s.c.s.PostProcessorRegistrationDelegate$BeanPostProcessorChecker [PostProcessorRegistrationDelegate.java:328] Bean 'org.springframework.security.access.expression.method.DefaultMethodSecurityExpressionHandler@60b34931' of type [org.springframework.security.access.expression.method.DefaultMethodSecurityExpressionHandler] is not eligible for getting processed by all BeanPostProcessors (for example: not eligible for auto-proxying)
2019-06-24 11:33:50,123 INFO [main] o.s.c.s.PostProcessorRegistrationDelegate$BeanPostProcessorChecker [PostProcessorRegistrationDelegate.java:328] Bean 'org.springframework.security.config.annotation.method.configuration.Jsr250MetadataSourceConfiguration' of type [org.springframework.security.config.annotation.method.configuration.Jsr250MetadataSourceConfiguration$$EnhancerBySpringCGLIB$$638d5a4] is not eligible for getting processed by all BeanPostProcessors (for example: not eligible for auto-proxying)
2019-06-24 11:33:50,130 INFO [main] o.s.c.s.PostProcessorRegistrationDelegate$BeanPostProcessorChecker [PostProcessorRegistrationDelegate.java:328] Bean 'jsr250MethodSecurityMetadataSource' of type [org.springframework.security.access.annotation.Jsr250MethodSecurityMetadataSource] is not eligible for getting processed by all BeanPostProcessors (for example: not eligible for auto-proxying)
2019-06-24 11:33:50,131 INFO [main] o.s.c.s.PostProcessorRegistrationDelegate$BeanPostProcessorChecker [PostProcessorRegistrationDelegate.java:328] Bean 'org.springframework.security.config.annotation.method.configuration.GlobalMethodSecurityConfiguration' of type [org.springframework.security.config.annotation.method.configuration.GlobalMethodSecurityConfiguration$$EnhancerBySpringCGLIB$$e0e3bd8e] is not eligible for getting processed by all BeanPostProcessors (for example: not eligible for auto-proxying)
2019-06-24 11:33:50,142 INFO [main] o.s.c.s.PostProcessorRegistrationDelegate$BeanPostProcessorChecker [PostProcessorRegistrationDelegate.java:328] Bean 'methodSecurityMetadataSource' of type [org.springframework.security.access.method.DelegatingMethodSecurityMetadataSource] is not eligible for getting processed by all BeanPostProcessors (for example: not eligible for auto-proxying)
2019-06-24 11:33:50,561 INFO [main] o.s.b.w.e.t.TomcatWebServer [TomcatWebServer.java:91] Tomcat initialized with port(s): 5000 (http)
2019-06-24 11:33:50,576 INFO [main] o.a.c.h.Http11NioProtocol [DirectJDKLog.java:180] Initializing ProtocolHandler ["http-nio-5000"]
2019-06-24 11:33:50,591 INFO [main] o.a.c.c.StandardService [DirectJDKLog.java:180] Starting service [Tomcat]
2019-06-24 11:33:50,591 INFO [main] o.a.c.c.StandardEngine [DirectJDKLog.java:180] Starting Servlet Engine: Apache Tomcat/8.5.31
2019-06-24 11:33:50,601 INFO [localhost-startStop-1] o.a.c.c.AprLifecycleListener [DirectJDKLog.java:180] The APR based Apache Tomcat Native library which allows optimal performance in production environments was not found on the java.library.path: [C:\Program Files\Java\jdk1.8.0_191\bin;C:\WINDOWS\Sun\Java\bin;C:\WINDOWS\system32;C:\WINDOWS;C:/Program Files/Java/jre1.8.0_211/bin/server;C:/Program Files/Java/jre1.8.0_211/bin;C:/Program Files/Java/jre1.8.0_211/lib/amd64;C:\Program Files (x86)\Common Files\Oracle\Java\javapath;C:\ProgramData\Oracle\Java\javapath;C:\WINDOWS\system32;C:\WINDOWS;C:\WINDOWS\System32\Wbem;C:\WINDOWS\System32\WindowsPowerShell\v1.0\;C:\Program Files\MySQL\MySQL Utilities 1.6\;C:\Program Files\Microsoft VS Code\bin;C:\My files\mysql-8.0.12-winx64\mysql-8.0.12-winx64\bin;C:\WINDOWS\System32\OpenSSH\;C:\Program Files\nodejs\;C:\Program Files (x86)\Yarn\bin\;C:\Program Files\PuTTY\;C:\apache-maven-3.6.1-bin\apache-maven-3.6.1\bin;C:\Users\sgumudav\AppData\Local\Microsoft\WindowsApps;C:\Users\sgumudav\AppData\Local\Programs\Git\cmd;C:\Users\sgumudav\AppData\Roaming\npm;C:\Users\sgumudav\AppData\Local\Programs\Microsoft VS Code\bin;C:\Users\sgumudav\AppData\Local\Yarn\bin;C:\Program Files (x86)\Yarn\;C:\Program Files\MongoDB\Server\4.0\bin;C:\Users\sgumudav\Desktop;;.]
2019-06-24 11:33:50,733 INFO [localhost-startStop-1] o.a.c.c.C.[.[.[/] [DirectJDKLog.java:180] Initializing Spring embedded WebApplicationContext
2019-06-24 11:33:50,734 INFO [localhost-startStop-1] o.s.w.c.ContextLoader [ServletWebServerApplicationContext.java:285] Root WebApplicationContext: initialization completed in 3057 ms
2019-06-24 11:33:51,341 INFO [localhost-startStop-1] c.a.d.s.b.a.DruidDataSourceAutoConfigure [DruidDataSourceAutoConfigure.java:56] Init DruidDataSource
2019-06-24 11:33:51,565 INFO [localhost-startStop-1] c.a.d.p.DruidDataSource [DruidDataSource.java:930] {dataSource-1} inited
2019-06-24 11:33:52,626 INFO [localhost-startStop-1] o.s.o.j.LocalContainerEntityManagerFactoryBean [LocalContainerEntityManagerFactoryBean.java:361] Building JPA container EntityManagerFactory for persistence unit 'default'
2019-06-24 11:33:52,657 INFO [localhost-startStop-1] o.h.j.i.u.LogHelper [LogHelper.java:31] HHH000204: Processing PersistenceUnitInfo [
	name: default
	...]
2019-06-24 11:33:52,781 INFO [localhost-startStop-1] o.h.Version [Version.java:45] HHH000412: Hibernate Core {5.2.17.Final}
2019-06-24 11:33:52,784 INFO [localhost-startStop-1] o.h.c.Environment [Environment.java:213] HHH000206: hibernate.properties not found
2019-06-24 11:33:52,846 INFO [localhost-startStop-1] o.h.a.c.Version [JavaReflectionManager.java:66] HCANN000001: Hibernate Commons Annotations {5.0.1.Final}
2019-06-24 11:33:53,045 INFO [localhost-startStop-1] o.h.d.Dialect [Dialect.java:157] HHH000400: Using dialect: org.hibernate.dialect.MySQL5InnoDBDialect
2019-06-24 11:33:56,759 INFO [localhost-startStop-1] o.s.o.j.LocalContainerEntityManagerFactoryBean [AbstractEntityManagerFactoryBean.java:415] Initialized JPA EntityManagerFactory for persistence unit 'default'
2019-06-24 11:33:58,430 INFO [localhost-startStop-1] o.s.b.w.s.FilterRegistrationBean [AbstractFilterRegistrationBean.java:245] Mapping filter: 'characterEncodingFilter' to: [/*]
2019-06-24 11:33:58,431 INFO [localhost-startStop-1] o.s.b.w.s.FilterRegistrationBean [AbstractFilterRegistrationBean.java:245] Mapping filter: 'hiddenHttpMethodFilter' to: [/*]
2019-06-24 11:33:58,431 INFO [localhost-startStop-1] o.s.b.w.s.FilterRegistrationBean [AbstractFilterRegistrationBean.java:245] Mapping filter: 'httpPutFormContentFilter' to: [/*]
2019-06-24 11:33:58,431 INFO [localhost-startStop-1] o.s.b.w.s.FilterRegistrationBean [AbstractFilterRegistrationBean.java:245] Mapping filter: 'requestContextFilter' to: [/*]
2019-06-24 11:33:58,432 INFO [localhost-startStop-1] o.s.b.w.s.DelegatingFilterProxyRegistrationBean [AbstractFilterRegistrationBean.java:245] Mapping filter: 'springSecurityFilterChain' to: [/*]
2019-06-24 11:33:58,432 INFO [localhost-startStop-1] o.s.b.w.s.FilterRegistrationBean [AbstractFilterRegistrationBean.java:245] Mapping filter: 'httpTraceFilter' to: [/*]
2019-06-24 11:33:58,433 INFO [localhost-startStop-1] o.s.b.w.s.FilterRegistrationBean [AbstractFilterRegistrationBean.java:258] Mapping filter: 'webStatFilter' to urls: [/*]
2019-06-24 11:33:58,433 INFO [localhost-startStop-1] o.s.b.w.s.FilterRegistrationBean [AbstractFilterRegistrationBean.java:245] Mapping filter: 'webMvcMetricsFilter' to: [/*]
2019-06-24 11:33:58,433 INFO [localhost-startStop-1] o.s.b.w.s.FilterRegistrationBean [AbstractFilterRegistrationBean.java:245] Mapping filter: 'jwtAuthenticationFilter' to: [/*]
2019-06-24 11:33:58,433 INFO [localhost-startStop-1] o.s.b.w.s.ServletRegistrationBean [ServletRegistrationBean.java:186] Servlet dispatcherServlet mapped to [/]
2019-06-24 11:33:58,435 INFO [localhost-startStop-1] o.s.b.w.s.ServletRegistrationBean [ServletRegistrationBean.java:186] Servlet statViewServlet mapped to [/druid/*]
2019-06-24 11:33:59,008 WARN [main] o.s.b.a.o.j.JpaBaseConfiguration$JpaWebConfiguration$JpaWebMvcConfiguration [JpaBaseConfiguration.java:235] spring.jpa.open-in-view is enabled by default. Therefore, database queries may be performed during view rendering. Explicitly configure spring.jpa.open-in-view to disable this warning
2019-06-24 11:33:59,093 INFO [main] o.s.w.s.m.m.a.RequestMappingHandlerMapping [AbstractHandlerMethodMapping.java:547] Mapped "{[/api/auth/signup],methods=[POST]}" onto public org.springframework.http.ResponseEntity<?> com.springapp.modules.security.rest.AuthController.registerUser(com.confidential.AdminPortal.payload.SignUpRequest)
2019-06-24 11:33:59,094 INFO [main] o.s.w.s.m.m.a.RequestMappingHandlerMapping [AbstractHandlerMethodMapping.java:547] Mapped "{[/api/auth/signin],methods=[POST]}" onto public org.springframework.http.ResponseEntity<?> com.springapp.modules.security.rest.AuthController.authenticateUser(com.confidential.AdminPortal.payload.LoginRequest)
2019-06-24 11:33:59,096 INFO [main] o.s.w.s.m.m.a.RequestMappingHandlerMapping [AbstractHandlerMethodMapping.java:547] Mapped "{[/api/registrations/trackingNo/{trackingno}],methods=[GET],produces=[application/json]}" onto public org.springframework.http.ResponseEntity<?> com.springapp.modules.security.rest.PerpController.getCertificateNoByTracking(java.lang.Integer) throws com.springapp.modules.security.exception.RegistrationItemsException
2019-06-24 11:33:59,097 INFO [main] o.s.w.s.m.m.a.RequestMappingHandlerMapping [AbstractHandlerMethodMapping.java:547] Mapped "{[/api/registrations/updateRegDetails/{trackingno}],methods=[PUT],produces=[application/json]}" onto public org.springframework.http.ResponseEntity<?> com.springapp.modules.security.rest.PerpController.updateRegistrationDetailsByTracking(java.lang.Integer,com.alibaba.fastjson.JSONObject)
2019-06-24 11:33:59,098 INFO [main] o.s.w.s.m.m.a.RequestMappingHandlerMapping [AbstractHandlerMethodMapping.java:547] Mapped "{[/api/users/signup],methods=[POST]}" onto public org.springframework.http.ResponseEntity com.springapp.modules.system.rest.UserController.create(com.springapp.modules.system.domain.perp.Users)
2019-06-24 11:33:59,103 INFO [main] o.s.w.s.m.m.a.RequestMappingHandlerMapping [AbstractHandlerMethodMapping.java:547] Mapped "{[/swagger-resources/configuration/ui]}" onto public org.springframework.http.ResponseEntity<springfox.documentation.swagger.web.UiConfiguration> springfox.documentation.swagger.web.ApiResourceController.uiConfiguration()
2019-06-24 11:33:59,104 INFO [main] o.s.w.s.m.m.a.RequestMappingHandlerMapping [AbstractHandlerMethodMapping.java:547] Mapped "{[/swagger-resources]}" onto public org.springframework.http.ResponseEntity<java.util.List<springfox.documentation.swagger.web.SwaggerResource>> springfox.documentation.swagger.web.ApiResourceController.swaggerResources()
2019-06-24 11:33:59,105 INFO [main] o.s.w.s.m.m.a.RequestMappingHandlerMapping [AbstractHandlerMethodMapping.java:547] Mapped "{[/swagger-resources/configuration/security]}" onto public org.springframework.http.ResponseEntity<springfox.documentation.swagger.web.SecurityConfiguration> springfox.documentation.swagger.web.ApiResourceController.securityConfiguration()
2019-06-24 11:33:59,109 INFO [main] o.s.w.s.m.m.a.RequestMappingHandlerMapping [AbstractHandlerMethodMapping.java:547] Mapped "{[/error]}" onto public org.springframework.http.ResponseEntity<java.util.Map<java.lang.String, java.lang.Object>> org.springframework.boot.autoconfigure.web.servlet.error.BasicErrorController.error(javax.servlet.http.HttpServletRequest)
2019-06-24 11:33:59,110 INFO [main] o.s.w.s.m.m.a.RequestMappingHandlerMapping [AbstractHandlerMethodMapping.java:547] Mapped "{[/error],produces=[text/html]}" onto public org.springframework.web.servlet.ModelAndView org.springframework.boot.autoconfigure.web.servlet.error.BasicErrorController.errorHtml(javax.servlet.http.HttpServletRequest,javax.servlet.http.HttpServletResponse)
2019-06-24 11:33:59,218 INFO [main] o.s.b.a.e.w.EndpointLinksResolver [EndpointLinksResolver.java:59] Exposing 2 endpoint(s) beneath base path '/actuator'
2019-06-24 11:33:59,232 INFO [main] o.s.b.a.e.w.s.WebMvcEndpointHandlerMapping [AbstractHandlerMethodMapping.java:547] Mapped "{[/actuator/health],methods=[GET],produces=[application/vnd.spring-boot.actuator.v2+json || application/json]}" onto public java.lang.Object org.springframework.boot.actuate.endpoint.web.servlet.AbstractWebMvcEndpointHandlerMapping$OperationHandler.handle(javax.servlet.http.HttpServletRequest,java.util.Map<java.lang.String, java.lang.String>)
2019-06-24 11:33:59,234 INFO [main] o.s.b.a.e.w.s.WebMvcEndpointHandlerMapping [AbstractHandlerMethodMapping.java:547] Mapped "{[/actuator/info],methods=[GET],produces=[application/vnd.spring-boot.actuator.v2+json || application/json]}" onto public java.lang.Object org.springframework.boot.actuate.endpoint.web.servlet.AbstractWebMvcEndpointHandlerMapping$OperationHandler.handle(javax.servlet.http.HttpServletRequest,java.util.Map<java.lang.String, java.lang.String>)
2019-06-24 11:33:59,235 INFO [main] o.s.b.a.e.w.s.WebMvcEndpointHandlerMapping [AbstractHandlerMethodMapping.java:547] Mapped "{[/actuator],methods=[GET],produces=[application/vnd.spring-boot.actuator.v2+json || application/json]}" onto protected java.util.Map<java.lang.String, java.util.Map<java.lang.String, org.springframework.boot.actuate.endpoint.web.Link>> org.springframework.boot.actuate.endpoint.web.servlet.WebMvcEndpointHandlerMapping.links(javax.servlet.http.HttpServletRequest,javax.servlet.http.HttpServletResponse)
2019-06-24 11:34:00,430 INFO [main] s.d.s.w.PropertySourcedRequestMappingHandlerMapping [PropertySourcedRequestMappingHandlerMapping.java:69] Mapped URL path [/v2/api-docs] onto method [public org.springframework.http.ResponseEntity<springfox.documentation.spring.web.json.Json> springfox.documentation.swagger2.web.Swagger2Controller.getDocumentation(java.lang.String,javax.servlet.http.HttpServletRequest)]
2019-06-24 11:34:00,462 INFO [main] o.s.w.s.h.SimpleUrlHandlerMapping [AbstractUrlHandlerMapping.java:373] Mapped URL path [/**/favicon.ico] onto handler of type [class org.springframework.web.servlet.resource.ResourceHttpRequestHandler]
2019-06-24 11:34:00,490 INFO [main] o.s.w.s.h.SimpleUrlHandlerMapping [AbstractUrlHandlerMapping.java:373] Mapped URL path [/webjars/**] onto handler of type [class org.springframework.web.servlet.resource.ResourceHttpRequestHandler]
2019-06-24 11:34:00,490 INFO [main] o.s.w.s.h.SimpleUrlHandlerMapping [AbstractUrlHandlerMapping.java:373] Mapped URL path [/**] onto handler of type [class org.springframework.web.servlet.resource.ResourceHttpRequestHandler]
2019-06-24 11:34:00,499 INFO [main] o.s.b.a.w.s.WelcomePageHandlerMapping [WelcomePageHandlerMapping.java:56] Adding welcome page: class path resource [static/index.html]
2019-06-24 11:34:00,525 INFO [main] o.s.s.w.DefaultSecurityFilterChain [DefaultSecurityFilterChain.java:43] Creating filter chain: org.springframework.security.web.util.matcher.AnyRequestMatcher@1, [org.springframework.security.web.context.request.async.WebAsyncManagerIntegrationFilter@3434a4f0, org.springframework.security.web.context.SecurityContextPersistenceFilter@4cdba2ed, org.springframework.security.web.header.HeaderWriterFilter@1ac6dd3d, org.springframework.web.filter.CorsFilter@79afa369, org.springframework.security.web.authentication.logout.LogoutFilter@4e375bba, com.springapp.modules.security.JwtAuthenticationFilter@584d738, org.springframework.security.web.savedrequest.RequestCacheAwareFilter@55c57422, org.springframework.security.web.servletapi.SecurityContextHolderAwareRequestFilter@aa61e4e, org.springframework.security.web.authentication.AnonymousAuthenticationFilter@3b9ac754, org.springframework.security.web.session.SessionManagementFilter@76f2dad9, org.springframework.security.web.access.ExceptionTranslationFilter@2b80e5a9, org.springframework.security.web.access.intercept.FilterSecurityInterceptor@383cb5ce]
2019-06-24 11:34:00,817 INFO [main] o.s.w.s.m.m.a.RequestMappingHandlerAdapter [RequestMappingHandlerAdapter.java:574] Looking for @ControllerAdvice: org.springframework.boot.web.servlet.context.AnnotationConfigServletWebServerApplicationContext@72057ecf: startup date [Mon Jun 24 18:33:47 UTC 2019]; root of context hierarchy
2019-06-24 11:34:01,607 INFO [main] o.s.u.f.SpringTemplateLoader [SpringTemplateLoader.java:62] SpringTemplateLoader for FreeMarker: using resource loader [org.springframework.boot.web.servlet.context.AnnotationConfigServletWebServerApplicationContext@72057ecf: startup date [Mon Jun 24 18:33:47 UTC 2019]; root of context hierarchy] and template loader path [classpath:/templates/]
2019-06-24 11:34:01,610 INFO [main] o.s.w.s.v.f.FreeMarkerConfigurer [FreeMarkerConfigurer.java:131] ClassTemplateLoader for Spring macros added to FreeMarker configuration
2019-06-24 11:34:01,645 WARN [main] o.s.b.a.f.FreeMarkerAutoConfiguration [FreeMarkerAutoConfiguration.java:70] Cannot find template location(s): [classpath:/templates/] (please add some templates, check your FreeMarker configuration, or set spring.freemarker.checkTemplateLocation=false)
2019-06-24 11:34:01,833 INFO [main] o.q.i.StdSchedulerFactory [StdSchedulerFactory.java:1208] Using default implementation for ThreadExecutor
2019-06-24 11:34:01,866 INFO [main] o.q.c.SchedulerSignalerImpl [SchedulerSignalerImpl.java:61] Initialized Scheduler Signaller of type: class org.quartz.core.SchedulerSignalerImpl
2019-06-24 11:34:01,866 INFO [main] o.q.c.QuartzScheduler [QuartzScheduler.java:229] Quartz Scheduler v.2.3.0 created.
2019-06-24 11:34:01,868 INFO [main] o.q.s.RAMJobStore [RAMJobStore.java:155] RAMJobStore initialized.
2019-06-24 11:34:01,869 INFO [main] o.q.c.QuartzScheduler [QuartzScheduler.java:294] Scheduler meta-data: Quartz Scheduler (v2.3.0) 'quartzScheduler' with instanceId 'NON_CLUSTERED'
  Scheduler class: 'org.quartz.core.QuartzScheduler' - running locally.
  NOT STARTED.
  Currently in standby mode.
  Number of jobs executed: 0
  Using thread pool 'org.quartz.simpl.SimpleThreadPool' - with 10 threads.
  Using job-store 'org.quartz.simpl.RAMJobStore' - which does not support persistence. and is not clustered.

2019-06-24 11:34:01,870 INFO [main] o.q.i.StdSchedulerFactory [StdSchedulerFactory.java:1362] Quartz scheduler 'quartzScheduler' initialized from an externally provided properties instance.
2019-06-24 11:34:01,870 INFO [main] o.q.i.StdSchedulerFactory [StdSchedulerFactory.java:1366] Quartz scheduler version: 2.3.0
2019-06-24 11:34:01,873 INFO [main] o.q.c.QuartzScheduler [QuartzScheduler.java:2287] JobFactory set to: org.springframework.boot.autoconfigure.quartz.AutowireCapableBeanJobFactory@1216eb3f
2019-06-24 11:34:02,110 INFO [main] o.s.j.e.a.AnnotationMBeanExporter [MBeanExporter.java:433] Registering beans for JMX exposure on startup
2019-06-24 11:34:02,117 INFO [main] o.s.j.e.a.AnnotationMBeanExporter [MBeanExporter.java:895] Bean with name 'statFilter' has been autodetected for JMX exposure
2019-06-24 11:34:02,117 INFO [main] o.s.j.e.a.AnnotationMBeanExporter [MBeanExporter.java:895] Bean with name 'dataSource' has been autodetected for JMX exposure
2019-06-24 11:34:02,140 INFO [main] o.s.j.e.a.AnnotationMBeanExporter [MBeanExporter.java:668] Located MBean 'dataSource': registering with JMX server as MBean [com.alibaba.druid.spring.boot.autoconfigure:name=dataSource,type=DruidDataSourceWrapper]
2019-06-24 11:34:02,144 INFO [main] o.s.j.e.a.AnnotationMBeanExporter [MBeanExporter.java:668] Located MBean 'statFilter': registering with JMX server as MBean [com.alibaba.druid.filter.stat:name=statFilter,type=StatFilter]
2019-06-24 11:34:02,153 INFO [main] o.s.c.s.DefaultLifecycleProcessor [DefaultLifecycleProcessor.java:351] Starting beans in phase 2147483647
2019-06-24 11:34:02,154 INFO [main] s.d.s.w.p.DocumentationPluginsBootstrapper [DocumentationPluginsBootstrapper.java:160] Context refreshed
2019-06-24 11:34:02,218 INFO [main] s.d.s.w.p.DocumentationPluginsBootstrapper [DocumentationPluginsBootstrapper.java:163] Found 1 custom documentation plugin(s)
2019-06-24 11:34:02,267 INFO [main] s.d.s.w.s.ApiListingReferenceScanner [ApiListingReferenceScanner.java:41] Scanning for api listing references
2019-06-24 11:34:02,525 INFO [main] s.d.s.w.r.o.CachingOperationNameGenerator [CachingOperationNameGenerator.java:40] Generating unique operation named: handleUsingGET_1
2019-06-24 11:34:02,613 INFO [main] o.s.s.q.SchedulerFactoryBean [SchedulerFactoryBean.java:700] Starting Quartz Scheduler now
2019-06-24 11:34:02,614 INFO [main] o.q.c.QuartzScheduler [QuartzScheduler.java:547] Scheduler quartzScheduler_$_NON_CLUSTERED started.
2019-06-24 11:34:02,676 INFO [main] o.a.c.h.Http11NioProtocol [DirectJDKLog.java:180] Starting ProtocolHandler ["http-nio-5000"]
2019-06-24 11:34:02,706 INFO [main] o.a.t.u.n.NioSelectorPool [DirectJDKLog.java:180] Using a shared selector for servlet write/read
2019-06-24 11:34:02,734 INFO [main] o.s.b.w.e.t.TomcatWebServer [TomcatWebServer.java:206] Tomcat started on port(s): 5000 (http) with context path ''
2019-06-24 11:34:02,745 INFO [main] c.s.RunApplication [StartupInfoLogger.java:59] Started RunApplication in 15.454 seconds (JVM running for 16.222)
2019-06-24 11:37:27,530 INFO [main] c.s.RunApplication [StartupInfoLogger.java:50] Starting RunApplication on MXL7291B5B with PID 21816 (C:\react\PerpAdmin\target\classes started by sgumudav in C:\react\PerpAdmin)
2019-06-24 11:37:27,535 INFO [main] c.s.RunApplication [SpringApplication.java:659] No active profile set, falling back to default profiles: default
2019-06-24 11:37:27,601 INFO [main] o.s.b.w.s.c.AnnotationConfigServletWebServerApplicationContext [AbstractApplicationContext.java:590] Refreshing org.springframework.boot.web.servlet.context.AnnotationConfigServletWebServerApplicationContext@1dde4cb2: startup date [Mon Jun 24 11:37:27 PDT 2019]; root of context hierarchy
2019-06-24 11:37:30,465 INFO [main] o.s.d.r.c.RepositoryConfigurationDelegate [RepositoryConfigurationDelegate.java:163] Multiple Spring Data modules found, entering strict repository configuration mode!
2019-06-24 11:37:30,693 INFO [main] o.s.d.r.c.RepositoryConfigurationDelegate [RepositoryConfigurationDelegate.java:163] Multiple Spring Data modules found, entering strict repository configuration mode!
2019-06-24 11:37:30,764 INFO [main] o.s.d.r.c.RepositoryConfigurationExtensionSupport [RepositoryConfigurationExtensionSupport.java:297] Spring Data Redis - Could not safely identify store assignment for repository candidate interface com.springapp.modules.security.repository.PermissionRepository.
2019-06-24 11:37:30,767 INFO [main] o.s.d.r.c.RepositoryConfigurationExtensionSupport [RepositoryConfigurationExtensionSupport.java:297] Spring Data Redis - Could not safely identify store assignment for repository candidate interface com.springapp.modules.security.repository.perp.RegistrationItemsRepository.
2019-06-24 11:37:30,769 INFO [main] o.s.d.r.c.RepositoryConfigurationExtensionSupport [RepositoryConfigurationExtensionSupport.java:297] Spring Data Redis - Could not safely identify store assignment for repository candidate interface com.springapp.modules.security.repository.RoleRepository.
2019-06-24 11:37:30,769 INFO [main] o.s.d.r.c.RepositoryConfigurationExtensionSupport [RepositoryConfigurationExtensionSupport.java:297] Spring Data Redis - Could not safely identify store assignment for repository candidate interface com.springapp.modules.security.repository.UserRepository.
2019-06-24 11:37:31,227 INFO [main] o.s.b.f.a.AutowiredAnnotationBeanPostProcessor [AutowiredAnnotationBeanPostProcessor.java:154] JSR-330 'javax.inject.Inject' annotation found and supported for autowiring
2019-06-24 11:37:31,474 INFO [main] o.s.c.s.PostProcessorRegistrationDelegate$BeanPostProcessorChecker [PostProcessorRegistrationDelegate.java:328] Bean 'org.springframework.transaction.annotation.ProxyTransactionManagementConfiguration' of type [org.springframework.transaction.annotation.ProxyTransactionManagementConfiguration$$EnhancerBySpringCGLIB$$501afc80] is not eligible for getting processed by all BeanPostProcessors (for example: not eligible for auto-proxying)
2019-06-24 11:37:31,610 INFO [main] o.s.c.s.PostProcessorRegistrationDelegate$BeanPostProcessorChecker [PostProcessorRegistrationDelegate.java:328] Bean 'org.springframework.security.config.annotation.configuration.ObjectPostProcessorConfiguration' of type [org.springframework.security.config.annotation.configuration.ObjectPostProcessorConfiguration$$EnhancerBySpringCGLIB$$e8c8c4ba] is not eligible for getting processed by all BeanPostProcessors (for example: not eligible for auto-proxying)
2019-06-24 11:37:31,620 INFO [main] o.s.c.s.PostProcessorRegistrationDelegate$BeanPostProcessorChecker [PostProcessorRegistrationDelegate.java:328] Bean 'objectPostProcessor' of type [org.springframework.security.config.annotation.configuration.AutowireBeanFactoryObjectPostProcessor] is not eligible for getting processed by all BeanPostProcessors (for example: not eligible for auto-proxying)
2019-06-24 11:37:31,622 INFO [main] o.s.c.s.PostProcessorRegistrationDelegate$BeanPostProcessorChecker [PostProcessorRegistrationDelegate.java:328] Bean 'org.springframework.security.access.expression.method.DefaultMethodSecurityExpressionHandler@4527f70a' of type [org.springframework.security.access.expression.method.DefaultMethodSecurityExpressionHandler] is not eligible for getting processed by all BeanPostProcessors (for example: not eligible for auto-proxying)
2019-06-24 11:37:31,631 INFO [main] o.s.c.s.PostProcessorRegistrationDelegate$BeanPostProcessorChecker [PostProcessorRegistrationDelegate.java:328] Bean 'org.springframework.security.config.annotation.method.configuration.Jsr250MetadataSourceConfiguration' of type [org.springframework.security.config.annotation.method.configuration.Jsr250MetadataSourceConfiguration$$EnhancerBySpringCGLIB$$32f27f82] is not eligible for getting processed by all BeanPostProcessors (for example: not eligible for auto-proxying)
2019-06-24 11:37:31,637 INFO [main] o.s.c.s.PostProcessorRegistrationDelegate$BeanPostProcessorChecker [PostProcessorRegistrationDelegate.java:328] Bean 'jsr250MethodSecurityMetadataSource' of type [org.springframework.security.access.annotation.Jsr250MethodSecurityMetadataSource] is not eligible for getting processed by all BeanPostProcessors (for example: not eligible for auto-proxying)
2019-06-24 11:37:31,640 INFO [main] o.s.c.s.PostProcessorRegistrationDelegate$BeanPostProcessorChecker [PostProcessorRegistrationDelegate.java:328] Bean 'org.springframework.security.config.annotation.method.configuration.GlobalMethodSecurityConfiguration' of type [org.springframework.security.config.annotation.method.configuration.GlobalMethodSecurityConfiguration$$EnhancerBySpringCGLIB$$d9d676c] is not eligible for getting processed by all BeanPostProcessors (for example: not eligible for auto-proxying)
2019-06-24 11:37:31,653 INFO [main] o.s.c.s.PostProcessorRegistrationDelegate$BeanPostProcessorChecker [PostProcessorRegistrationDelegate.java:328] Bean 'methodSecurityMetadataSource' of type [org.springframework.security.access.method.DelegatingMethodSecurityMetadataSource] is not eligible for getting processed by all BeanPostProcessors (for example: not eligible for auto-proxying)
2019-06-24 11:37:32,135 INFO [main] o.s.b.w.e.t.TomcatWebServer [TomcatWebServer.java:91] Tomcat initialized with port(s): 5000 (http)
2019-06-24 11:37:32,153 INFO [main] o.a.c.h.Http11NioProtocol [DirectJDKLog.java:180] Initializing ProtocolHandler ["http-nio-5000"]
2019-06-24 11:37:32,169 INFO [main] o.a.c.c.StandardService [DirectJDKLog.java:180] Starting service [Tomcat]
2019-06-24 11:37:32,170 INFO [main] o.a.c.c.StandardEngine [DirectJDKLog.java:180] Starting Servlet Engine: Apache Tomcat/8.5.31
2019-06-24 11:37:32,179 INFO [localhost-startStop-1] o.a.c.c.AprLifecycleListener [DirectJDKLog.java:180] The APR based Apache Tomcat Native library which allows optimal performance in production environments was not found on the java.library.path: [C:\Program Files\Java\jdk1.8.0_191\bin;C:\WINDOWS\Sun\Java\bin;C:\WINDOWS\system32;C:\WINDOWS;C:/Program Files/Java/jre1.8.0_211/bin/server;C:/Program Files/Java/jre1.8.0_211/bin;C:/Program Files/Java/jre1.8.0_211/lib/amd64;C:\Program Files (x86)\Common Files\Oracle\Java\javapath;C:\ProgramData\Oracle\Java\javapath;C:\WINDOWS\system32;C:\WINDOWS;C:\WINDOWS\System32\Wbem;C:\WINDOWS\System32\WindowsPowerShell\v1.0\;C:\Program Files\MySQL\MySQL Utilities 1.6\;C:\Program Files\Microsoft VS Code\bin;C:\My files\mysql-8.0.12-winx64\mysql-8.0.12-winx64\bin;C:\WINDOWS\System32\OpenSSH\;C:\Program Files\nodejs\;C:\Program Files (x86)\Yarn\bin\;C:\Program Files\PuTTY\;C:\apache-maven-3.6.1-bin\apache-maven-3.6.1\bin;C:\Users\sgumudav\AppData\Local\Microsoft\WindowsApps;C:\Users\sgumudav\AppData\Local\Programs\Git\cmd;C:\Users\sgumudav\AppData\Roaming\npm;C:\Users\sgumudav\AppData\Local\Programs\Microsoft VS Code\bin;C:\Users\sgumudav\AppData\Local\Yarn\bin;C:\Program Files (x86)\Yarn\;C:\Program Files\MongoDB\Server\4.0\bin;C:\Users\sgumudav\Desktop;;.]
2019-06-24 11:37:33,052 INFO [localhost-startStop-1] o.a.c.c.C.[.[.[/] [DirectJDKLog.java:180] Initializing Spring embedded WebApplicationContext
2019-06-24 11:37:33,052 INFO [localhost-startStop-1] o.s.w.c.ContextLoader [ServletWebServerApplicationContext.java:285] Root WebApplicationContext: initialization completed in 5457 ms
2019-06-24 11:37:33,747 INFO [localhost-startStop-1] c.a.d.s.b.a.DruidDataSourceAutoConfigure [DruidDataSourceAutoConfigure.java:56] Init DruidDataSource
2019-06-24 11:37:34,067 INFO [localhost-startStop-1] c.a.d.p.DruidDataSource [DruidDataSource.java:930] {dataSource-1} inited
2019-06-24 11:37:35,218 INFO [localhost-startStop-1] o.s.o.j.LocalContainerEntityManagerFactoryBean [LocalContainerEntityManagerFactoryBean.java:361] Building JPA container EntityManagerFactory for persistence unit 'default'
2019-06-24 11:37:35,249 INFO [localhost-startStop-1] o.h.j.i.u.LogHelper [LogHelper.java:31] HHH000204: Processing PersistenceUnitInfo [
	name: default
	...]
2019-06-24 11:37:35,373 INFO [localhost-startStop-1] o.h.Version [Version.java:45] HHH000412: Hibernate Core {5.2.17.Final}
2019-06-24 11:37:35,375 INFO [localhost-startStop-1] o.h.c.Environment [Environment.java:213] HHH000206: hibernate.properties not found
2019-06-24 11:37:35,434 INFO [localhost-startStop-1] o.h.a.c.Version [JavaReflectionManager.java:66] HCANN000001: Hibernate Commons Annotations {5.0.1.Final}
2019-06-24 11:37:35,686 INFO [localhost-startStop-1] o.h.d.Dialect [Dialect.java:157] HHH000400: Using dialect: org.hibernate.dialect.MySQL5InnoDBDialect
2019-06-24 11:37:39,949 INFO [localhost-startStop-1] o.s.o.j.LocalContainerEntityManagerFactoryBean [AbstractEntityManagerFactoryBean.java:415] Initialized JPA EntityManagerFactory for persistence unit 'default'
2019-06-24 11:37:42,037 INFO [localhost-startStop-1] o.s.b.w.s.FilterRegistrationBean [AbstractFilterRegistrationBean.java:245] Mapping filter: 'characterEncodingFilter' to: [/*]
2019-06-24 11:37:42,037 INFO [localhost-startStop-1] o.s.b.w.s.FilterRegistrationBean [AbstractFilterRegistrationBean.java:245] Mapping filter: 'hiddenHttpMethodFilter' to: [/*]
2019-06-24 11:37:42,037 INFO [localhost-startStop-1] o.s.b.w.s.FilterRegistrationBean [AbstractFilterRegistrationBean.java:245] Mapping filter: 'httpPutFormContentFilter' to: [/*]
2019-06-24 11:37:42,037 INFO [localhost-startStop-1] o.s.b.w.s.FilterRegistrationBean [AbstractFilterRegistrationBean.java:245] Mapping filter: 'requestContextFilter' to: [/*]
2019-06-24 11:37:42,038 INFO [localhost-startStop-1] o.s.b.w.s.DelegatingFilterProxyRegistrationBean [AbstractFilterRegistrationBean.java:245] Mapping filter: 'springSecurityFilterChain' to: [/*]
2019-06-24 11:37:42,038 INFO [localhost-startStop-1] o.s.b.w.s.FilterRegistrationBean [AbstractFilterRegistrationBean.java:245] Mapping filter: 'httpTraceFilter' to: [/*]
2019-06-24 11:37:42,038 INFO [localhost-startStop-1] o.s.b.w.s.FilterRegistrationBean [AbstractFilterRegistrationBean.java:258] Mapping filter: 'webStatFilter' to urls: [/*]
2019-06-24 11:37:42,039 INFO [localhost-startStop-1] o.s.b.w.s.FilterRegistrationBean [AbstractFilterRegistrationBean.java:245] Mapping filter: 'webMvcMetricsFilter' to: [/*]
2019-06-24 11:37:42,039 INFO [localhost-startStop-1] o.s.b.w.s.FilterRegistrationBean [AbstractFilterRegistrationBean.java:245] Mapping filter: 'jwtAuthenticationFilter' to: [/*]
2019-06-24 11:37:42,039 INFO [localhost-startStop-1] o.s.b.w.s.ServletRegistrationBean [ServletRegistrationBean.java:186] Servlet dispatcherServlet mapped to [/]
2019-06-24 11:37:42,040 INFO [localhost-startStop-1] o.s.b.w.s.ServletRegistrationBean [ServletRegistrationBean.java:186] Servlet statViewServlet mapped to [/druid/*]
2019-06-24 11:37:42,595 WARN [main] o.s.b.a.o.j.JpaBaseConfiguration$JpaWebConfiguration$JpaWebMvcConfiguration [JpaBaseConfiguration.java:235] spring.jpa.open-in-view is enabled by default. Therefore, database queries may be performed during view rendering. Explicitly configure spring.jpa.open-in-view to disable this warning
2019-06-24 11:37:42,670 INFO [main] o.s.w.s.m.m.a.RequestMappingHandlerMapping [AbstractHandlerMethodMapping.java:547] Mapped "{[/api/auth/signup],methods=[POST]}" onto public org.springframework.http.ResponseEntity<?> com.springapp.modules.security.rest.AuthController.registerUser(com.confidential.AdminPortal.payload.SignUpRequest)
2019-06-24 11:37:42,671 INFO [main] o.s.w.s.m.m.a.RequestMappingHandlerMapping [AbstractHandlerMethodMapping.java:547] Mapped "{[/api/auth/signin],methods=[POST]}" onto public org.springframework.http.ResponseEntity<?> com.springapp.modules.security.rest.AuthController.authenticateUser(com.confidential.AdminPortal.payload.LoginRequest)
2019-06-24 11:37:42,673 INFO [main] o.s.w.s.m.m.a.RequestMappingHandlerMapping [AbstractHandlerMethodMapping.java:547] Mapped "{[/api/registrations/trackingNo/{trackingno}],methods=[GET],produces=[application/json]}" onto public org.springframework.http.ResponseEntity<?> com.springapp.modules.security.rest.PerpController.getCertificateNoByTracking(java.lang.Integer) throws com.springapp.modules.security.exception.RegistrationItemsException
2019-06-24 11:37:42,674 INFO [main] o.s.w.s.m.m.a.RequestMappingHandlerMapping [AbstractHandlerMethodMapping.java:547] Mapped "{[/api/registrations/updateRegDetails/{trackingno}],methods=[PUT],produces=[application/json]}" onto public org.springframework.http.ResponseEntity<?> com.springapp.modules.security.rest.PerpController.updateRegistrationDetailsByTracking(java.lang.Integer,com.alibaba.fastjson.JSONObject)
2019-06-24 11:37:42,675 INFO [main] o.s.w.s.m.m.a.RequestMappingHandlerMapping [AbstractHandlerMethodMapping.java:547] Mapped "{[/api/users/signup],methods=[POST]}" onto public org.springframework.http.ResponseEntity com.springapp.modules.system.rest.UserController.create(com.springapp.modules.system.domain.perp.Users)
2019-06-24 11:37:42,680 INFO [main] o.s.w.s.m.m.a.RequestMappingHandlerMapping [AbstractHandlerMethodMapping.java:547] Mapped "{[/swagger-resources/configuration/security]}" onto public org.springframework.http.ResponseEntity<springfox.documentation.swagger.web.SecurityConfiguration> springfox.documentation.swagger.web.ApiResourceController.securityConfiguration()
2019-06-24 11:37:42,681 INFO [main] o.s.w.s.m.m.a.RequestMappingHandlerMapping [AbstractHandlerMethodMapping.java:547] Mapped "{[/swagger-resources/configuration/ui]}" onto public org.springframework.http.ResponseEntity<springfox.documentation.swagger.web.UiConfiguration> springfox.documentation.swagger.web.ApiResourceController.uiConfiguration()
2019-06-24 11:37:42,682 INFO [main] o.s.w.s.m.m.a.RequestMappingHandlerMapping [AbstractHandlerMethodMapping.java:547] Mapped "{[/swagger-resources]}" onto public org.springframework.http.ResponseEntity<java.util.List<springfox.documentation.swagger.web.SwaggerResource>> springfox.documentation.swagger.web.ApiResourceController.swaggerResources()
2019-06-24 11:37:42,687 INFO [main] o.s.w.s.m.m.a.RequestMappingHandlerMapping [AbstractHandlerMethodMapping.java:547] Mapped "{[/error]}" onto public org.springframework.http.ResponseEntity<java.util.Map<java.lang.String, java.lang.Object>> org.springframework.boot.autoconfigure.web.servlet.error.BasicErrorController.error(javax.servlet.http.HttpServletRequest)
2019-06-24 11:37:42,688 INFO [main] o.s.w.s.m.m.a.RequestMappingHandlerMapping [AbstractHandlerMethodMapping.java:547] Mapped "{[/error],produces=[text/html]}" onto public org.springframework.web.servlet.ModelAndView org.springframework.boot.autoconfigure.web.servlet.error.BasicErrorController.errorHtml(javax.servlet.http.HttpServletRequest,javax.servlet.http.HttpServletResponse)
2019-06-24 11:37:42,780 INFO [main] o.s.b.a.e.w.EndpointLinksResolver [EndpointLinksResolver.java:59] Exposing 2 endpoint(s) beneath base path '/actuator'
2019-06-24 11:37:42,793 INFO [main] o.s.b.a.e.w.s.WebMvcEndpointHandlerMapping [AbstractHandlerMethodMapping.java:547] Mapped "{[/actuator/health],methods=[GET],produces=[application/vnd.spring-boot.actuator.v2+json || application/json]}" onto public java.lang.Object org.springframework.boot.actuate.endpoint.web.servlet.AbstractWebMvcEndpointHandlerMapping$OperationHandler.handle(javax.servlet.http.HttpServletRequest,java.util.Map<java.lang.String, java.lang.String>)
2019-06-24 11:37:42,794 INFO [main] o.s.b.a.e.w.s.WebMvcEndpointHandlerMapping [AbstractHandlerMethodMapping.java:547] Mapped "{[/actuator/info],methods=[GET],produces=[application/vnd.spring-boot.actuator.v2+json || application/json]}" onto public java.lang.Object org.springframework.boot.actuate.endpoint.web.servlet.AbstractWebMvcEndpointHandlerMapping$OperationHandler.handle(javax.servlet.http.HttpServletRequest,java.util.Map<java.lang.String, java.lang.String>)
2019-06-24 11:37:42,795 INFO [main] o.s.b.a.e.w.s.WebMvcEndpointHandlerMapping [AbstractHandlerMethodMapping.java:547] Mapped "{[/actuator],methods=[GET],produces=[application/vnd.spring-boot.actuator.v2+json || application/json]}" onto protected java.util.Map<java.lang.String, java.util.Map<java.lang.String, org.springframework.boot.actuate.endpoint.web.Link>> org.springframework.boot.actuate.endpoint.web.servlet.WebMvcEndpointHandlerMapping.links(javax.servlet.http.HttpServletRequest,javax.servlet.http.HttpServletResponse)
2019-06-24 11:37:43,215 INFO [main] s.d.s.w.PropertySourcedRequestMappingHandlerMapping [PropertySourcedRequestMappingHandlerMapping.java:69] Mapped URL path [/v2/api-docs] onto method [public org.springframework.http.ResponseEntity<springfox.documentation.spring.web.json.Json> springfox.documentation.swagger2.web.Swagger2Controller.getDocumentation(java.lang.String,javax.servlet.http.HttpServletRequest)]
2019-06-24 11:37:43,245 INFO [main] o.s.w.s.h.SimpleUrlHandlerMapping [AbstractUrlHandlerMapping.java:373] Mapped URL path [/**/favicon.ico] onto handler of type [class org.springframework.web.servlet.resource.ResourceHttpRequestHandler]
2019-06-24 11:37:43,277 INFO [main] o.s.w.s.h.SimpleUrlHandlerMapping [AbstractUrlHandlerMapping.java:373] Mapped URL path [/webjars/**] onto handler of type [class org.springframework.web.servlet.resource.ResourceHttpRequestHandler]
2019-06-24 11:37:43,278 INFO [main] o.s.w.s.h.SimpleUrlHandlerMapping [AbstractUrlHandlerMapping.java:373] Mapped URL path [/**] onto handler of type [class org.springframework.web.servlet.resource.ResourceHttpRequestHandler]
2019-06-24 11:37:43,285 INFO [main] o.s.b.a.w.s.WelcomePageHandlerMapping [WelcomePageHandlerMapping.java:56] Adding welcome page: class path resource [static/index.html]
2019-06-24 11:37:43,321 INFO [main] o.s.s.w.DefaultSecurityFilterChain [DefaultSecurityFilterChain.java:43] Creating filter chain: org.springframework.security.web.util.matcher.AnyRequestMatcher@1, [org.springframework.security.web.context.request.async.WebAsyncManagerIntegrationFilter@79ba0a6f, org.springframework.security.web.context.SecurityContextPersistenceFilter@aa61e4e, org.springframework.security.web.header.HeaderWriterFilter@335f5c69, org.springframework.web.filter.CorsFilter@261de205, org.springframework.security.web.authentication.logout.LogoutFilter@d3e3085, com.springapp.modules.security.JwtAuthenticationFilter@134fe2df, org.springframework.security.web.savedrequest.RequestCacheAwareFilter@3d2f3dcb, org.springframework.security.web.servletapi.SecurityContextHolderAwareRequestFilter@71664560, org.springframework.security.web.authentication.AnonymousAuthenticationFilter@7f3fc42f, org.springframework.security.web.session.SessionManagementFilter@2e7af36e, org.springframework.security.web.access.ExceptionTranslationFilter@4cdba2ed, org.springframework.security.web.access.intercept.FilterSecurityInterceptor@3b9ac754]
2019-06-24 11:37:43,671 INFO [main] o.s.w.s.m.m.a.RequestMappingHandlerAdapter [RequestMappingHandlerAdapter.java:574] Looking for @ControllerAdvice: org.springframework.boot.web.servlet.context.AnnotationConfigServletWebServerApplicationContext@1dde4cb2: startup date [Mon Jun 24 18:37:27 UTC 2019]; root of context hierarchy
2019-06-24 11:37:44,341 INFO [main] o.s.u.f.SpringTemplateLoader [SpringTemplateLoader.java:62] SpringTemplateLoader for FreeMarker: using resource loader [org.springframework.boot.web.servlet.context.AnnotationConfigServletWebServerApplicationContext@1dde4cb2: startup date [Mon Jun 24 18:37:27 UTC 2019]; root of context hierarchy] and template loader path [classpath:/templates/]
2019-06-24 11:37:44,343 INFO [main] o.s.w.s.v.f.FreeMarkerConfigurer [FreeMarkerConfigurer.java:131] ClassTemplateLoader for Spring macros added to FreeMarker configuration
2019-06-24 11:37:44,375 WARN [main] o.s.b.a.f.FreeMarkerAutoConfiguration [FreeMarkerAutoConfiguration.java:70] Cannot find template location(s): [classpath:/templates/] (please add some templates, check your FreeMarker configuration, or set spring.freemarker.checkTemplateLocation=false)
2019-06-24 11:37:44,576 INFO [main] o.q.i.StdSchedulerFactory [StdSchedulerFactory.java:1208] Using default implementation for ThreadExecutor
2019-06-24 11:37:44,601 INFO [main] o.q.c.SchedulerSignalerImpl [SchedulerSignalerImpl.java:61] Initialized Scheduler Signaller of type: class org.quartz.core.SchedulerSignalerImpl
2019-06-24 11:37:44,602 INFO [main] o.q.c.QuartzScheduler [QuartzScheduler.java:229] Quartz Scheduler v.2.3.0 created.
2019-06-24 11:37:44,603 INFO [main] o.q.s.RAMJobStore [RAMJobStore.java:155] RAMJobStore initialized.
2019-06-24 11:37:44,604 INFO [main] o.q.c.QuartzScheduler [QuartzScheduler.java:294] Scheduler meta-data: Quartz Scheduler (v2.3.0) 'quartzScheduler' with instanceId 'NON_CLUSTERED'
  Scheduler class: 'org.quartz.core.QuartzScheduler' - running locally.
  NOT STARTED.
  Currently in standby mode.
  Number of jobs executed: 0
  Using thread pool 'org.quartz.simpl.SimpleThreadPool' - with 10 threads.
  Using job-store 'org.quartz.simpl.RAMJobStore' - which does not support persistence. and is not clustered.

2019-06-24 11:37:44,604 INFO [main] o.q.i.StdSchedulerFactory [StdSchedulerFactory.java:1362] Quartz scheduler 'quartzScheduler' initialized from an externally provided properties instance.
2019-06-24 11:37:44,604 INFO [main] o.q.i.StdSchedulerFactory [StdSchedulerFactory.java:1366] Quartz scheduler version: 2.3.0
2019-06-24 11:37:44,605 INFO [main] o.q.c.QuartzScheduler [QuartzScheduler.java:2287] JobFactory set to: org.springframework.boot.autoconfigure.quartz.AutowireCapableBeanJobFactory@2a5abd3c
2019-06-24 11:37:44,683 INFO [main] o.s.j.e.a.AnnotationMBeanExporter [MBeanExporter.java:433] Registering beans for JMX exposure on startup
2019-06-24 11:37:44,685 INFO [main] o.s.j.e.a.AnnotationMBeanExporter [MBeanExporter.java:895] Bean with name 'statFilter' has been autodetected for JMX exposure
2019-06-24 11:37:44,685 INFO [main] o.s.j.e.a.AnnotationMBeanExporter [MBeanExporter.java:895] Bean with name 'dataSource' has been autodetected for JMX exposure
2019-06-24 11:37:44,693 INFO [main] o.s.j.e.a.AnnotationMBeanExporter [MBeanExporter.java:668] Located MBean 'dataSource': registering with JMX server as MBean [com.alibaba.druid.spring.boot.autoconfigure:name=dataSource,type=DruidDataSourceWrapper]
2019-06-24 11:37:44,696 INFO [main] o.s.j.e.a.AnnotationMBeanExporter [MBeanExporter.java:668] Located MBean 'statFilter': registering with JMX server as MBean [com.alibaba.druid.filter.stat:name=statFilter,type=StatFilter]
2019-06-24 11:37:44,710 INFO [main] o.s.c.s.DefaultLifecycleProcessor [DefaultLifecycleProcessor.java:351] Starting beans in phase 2147483647
2019-06-24 11:37:44,710 INFO [main] s.d.s.w.p.DocumentationPluginsBootstrapper [DocumentationPluginsBootstrapper.java:160] Context refreshed
2019-06-24 11:37:44,746 INFO [main] s.d.s.w.p.DocumentationPluginsBootstrapper [DocumentationPluginsBootstrapper.java:163] Found 1 custom documentation plugin(s)
2019-06-24 11:37:44,778 INFO [main] s.d.s.w.s.ApiListingReferenceScanner [ApiListingReferenceScanner.java:41] Scanning for api listing references
2019-06-24 11:37:44,934 INFO [main] s.d.s.w.r.o.CachingOperationNameGenerator [CachingOperationNameGenerator.java:40] Generating unique operation named: handleUsingGET_1
2019-06-24 11:37:44,989 INFO [main] o.s.s.q.SchedulerFactoryBean [SchedulerFactoryBean.java:700] Starting Quartz Scheduler now
2019-06-24 11:37:44,989 INFO [main] o.q.c.QuartzScheduler [QuartzScheduler.java:547] Scheduler quartzScheduler_$_NON_CLUSTERED started.
2019-06-24 11:37:45,001 INFO [main] o.a.c.h.Http11NioProtocol [DirectJDKLog.java:180] Starting ProtocolHandler ["http-nio-5000"]
2019-06-24 11:37:45,028 INFO [main] o.a.t.u.n.NioSelectorPool [DirectJDKLog.java:180] Using a shared selector for servlet write/read
2019-06-24 11:37:45,045 INFO [main] o.s.b.w.e.t.TomcatWebServer [TomcatWebServer.java:206] Tomcat started on port(s): 5000 (http) with context path ''
2019-06-24 11:37:45,050 INFO [main] c.s.RunApplication [StartupInfoLogger.java:59] Started RunApplication in 17.953 seconds (JVM running for 27.565)
