2019-04-04 11:07:09,897 INFO org.springframework.boot.StartupInfoLogger [main] Starting AdminPortalApplication on 20111694-D with PID 41300 (C:\react-workspaces\AdminPortal\target\classes started by kpapatla in C:\react-workspaces\AdminPortal)
2019-04-04 11:07:09,897 DEBUG org.springframework.boot.StartupInfoLogger [main] Running with Spring Boot v2.0.3.RELEASE, Spring v5.0.7.RELEASE
2019-04-04 11:07:09,913 INFO org.springframework.boot.SpringApplication [main] No active profile set, falling back to default profiles: default
2019-04-04 11:07:09,975 INFO org.springframework.context.support.AbstractApplicationContext [main] Refreshing org.springframework.boot.web.servlet.context.AnnotationConfigServletWebServerApplicationContext@72057ecf: startup date [Thu Apr 04 11:07:09 PDT 2019]; root of context hierarchy
2019-04-04 11:07:11,521 INFO org.springframework.context.support.PostProcessorRegistrationDelegate$BeanPostProcessorChecker [main] Bean 'org.springframework.transaction.annotation.ProxyTransactionManagementConfiguration' of type [org.springframework.transaction.annotation.ProxyTransactionManagementConfiguration$$EnhancerBySpringCGLIB$$de905590] is not eligible for getting processed by all BeanPostProcessors (for example: not eligible for auto-proxying)
2019-04-04 11:07:11,575 INFO org.springframework.context.support.PostProcessorRegistrationDelegate$BeanPostProcessorChecker [main] Bean 'org.springframework.security.config.annotation.configuration.ObjectPostProcessorConfiguration' of type [org.springframework.security.config.annotation.configuration.ObjectPostProcessorConfiguration$$EnhancerBySpringCGLIB$$773e1dca] is not eligible for getting processed by all BeanPostProcessors (for example: not eligible for auto-proxying)
2019-04-04 11:07:11,591 INFO org.springframework.context.support.PostProcessorRegistrationDelegate$BeanPostProcessorChecker [main] Bean 'objectPostProcessor' of type [org.springframework.security.config.annotation.configuration.AutowireBeanFactoryObjectPostProcessor] is not eligible for getting processed by all BeanPostProcessors (for example: not eligible for auto-proxying)
2019-04-04 11:07:11,591 INFO org.springframework.context.support.PostProcessorRegistrationDelegate$BeanPostProcessorChecker [main] Bean 'org.springframework.security.access.expression.method.DefaultMethodSecurityExpressionHandler@5e8a459' of type [org.springframework.security.access.expression.method.DefaultMethodSecurityExpressionHandler] is not eligible for getting processed by all BeanPostProcessors (for example: not eligible for auto-proxying)
2019-04-04 11:07:11,607 INFO org.springframework.context.support.PostProcessorRegistrationDelegate$BeanPostProcessorChecker [main] Bean 'org.springframework.security.config.annotation.method.configuration.Jsr250MetadataSourceConfiguration' of type [org.springframework.security.config.annotation.method.configuration.Jsr250MetadataSourceConfiguration$$EnhancerBySpringCGLIB$$c167d892] is not eligible for getting processed by all BeanPostProcessors (for example: not eligible for auto-proxying)
2019-04-04 11:07:11,622 INFO org.springframework.context.support.PostProcessorRegistrationDelegate$BeanPostProcessorChecker [main] Bean 'jsr250MethodSecurityMetadataSource' of type [org.springframework.security.access.annotation.Jsr250MethodSecurityMetadataSource] is not eligible for getting processed by all BeanPostProcessors (for example: not eligible for auto-proxying)
2019-04-04 11:07:11,622 INFO org.springframework.context.support.PostProcessorRegistrationDelegate$BeanPostProcessorChecker [main] Bean 'org.springframework.security.config.annotation.method.configuration.GlobalMethodSecurityConfiguration' of type [org.springframework.security.config.annotation.method.configuration.GlobalMethodSecurityConfiguration$$EnhancerBySpringCGLIB$$9c12c07c] is not eligible for getting processed by all BeanPostProcessors (for example: not eligible for auto-proxying)
2019-04-04 11:07:11,638 INFO org.springframework.context.support.PostProcessorRegistrationDelegate$BeanPostProcessorChecker [main] Bean 'methodSecurityMetadataSource' of type [org.springframework.security.access.method.DelegatingMethodSecurityMetadataSource] is not eligible for getting processed by all BeanPostProcessors (for example: not eligible for auto-proxying)
2019-04-04 11:07:12,167 INFO org.springframework.boot.web.embedded.tomcat.TomcatWebServer [main] Tomcat initialized with port(s): 5000 (http)
2019-04-04 11:07:12,198 INFO org.apache.juli.logging.DirectJDKLog [main] Initializing ProtocolHandler ["http-nio-5000"]
2019-04-04 11:07:12,245 INFO org.apache.juli.logging.DirectJDKLog [main] Starting service [Tomcat]
2019-04-04 11:07:12,245 INFO org.apache.juli.logging.DirectJDKLog [main] Starting Servlet Engine: Apache Tomcat/8.5.31
2019-04-04 11:07:12,261 INFO org.apache.juli.logging.DirectJDKLog [localhost-startStop-1] The APR based Apache Tomcat Native library which allows optimal performance in production environments was not found on the java.library.path: [C:\Java\jdk1.8.0_77\bin;C:\WINDOWS\Sun\Java\bin;C:\WINDOWS\system32;C:\WINDOWS;C:/Program Files/Java/jre1.8.0_201/bin/server;C:/Program Files/Java/jre1.8.0_201/bin;C:/Program Files/Java/jre1.8.0_201/lib/amd64;C:\Program Files (x86)\Common Files\Oracle\Java\javapath;C:\Program Files\Java\jdk1.6.0_45\bin;C:\WINDOWS\system32;C:\WINDOWS;C:\WINDOWS\System32\Wbem;C:\WINDOWS\System32\WindowsPowerShell\v1.0\;C:\WINDOWS\System32\OpenSSH\;C:\Program Files\Git\cmd;C:\Program Files\Git\mingw64\bin;C:\Program Files\Git\usr\bin;C:\Program Files\PuTTY\;C:\Program Files\nodejs\node_modules\npm\bin;C:\Program Files\nodejs\;C:\Users\kpapatla\AppData\Local\Microsoft\WindowsApps;C:\Users\kpapatla\AppData\Local\Programs\Microsoft VS Code\bin;C:\Users\kpapatla\AppData\Roaming\npm;C:\eclipse-jee-2018-12-R-win32-x86_64\eclipse;;.]
2019-04-04 11:07:12,404 INFO org.apache.juli.logging.DirectJDKLog [localhost-startStop-1] Initializing Spring embedded WebApplicationContext
2019-04-04 11:07:12,404 INFO org.springframework.boot.web.servlet.context.ServletWebServerApplicationContext [localhost-startStop-1] Root WebApplicationContext: initialization completed in 2429 ms
2019-04-04 11:07:13,059 INFO com.zaxxer.hikari.HikariDataSource [localhost-startStop-1] HikariPool-1 - Starting...
2019-04-04 11:07:13,390 INFO com.zaxxer.hikari.HikariDataSource [localhost-startStop-1] HikariPool-1 - Start completed.
2019-04-04 11:07:13,468 INFO org.springframework.orm.jpa.LocalContainerEntityManagerFactoryBean [localhost-startStop-1] Building JPA container EntityManagerFactory for persistence unit 'default'
2019-04-04 11:07:13,483 INFO org.hibernate.jpa.internal.util.LogHelper [localhost-startStop-1] HHH000204: Processing PersistenceUnitInfo [
	name: default
	...]
2019-04-04 11:07:13,593 INFO org.hibernate.Version [localhost-startStop-1] HHH000412: Hibernate Core {5.2.17.Final}
2019-04-04 11:07:13,608 INFO org.hibernate.cfg.Environment [localhost-startStop-1] HHH000206: hibernate.properties not found
2019-04-04 11:07:13,686 INFO org.hibernate.annotations.common.reflection.java.JavaReflectionManager [localhost-startStop-1] HCANN000001: Hibernate Commons Annotations {5.0.1.Final}
2019-04-04 11:07:13,890 INFO org.hibernate.dialect.Dialect [localhost-startStop-1] HHH000400: Using dialect: org.hibernate.dialect.MySQL5InnoDBDialect
2019-04-04 11:07:14,705 INFO org.springframework.orm.jpa.AbstractEntityManagerFactoryBean [localhost-startStop-1] Initialized JPA EntityManagerFactory for persistence unit 'default'
2019-04-04 11:07:15,261 INFO org.springframework.boot.web.servlet.AbstractFilterRegistrationBean [localhost-startStop-1] Mapping filter: 'characterEncodingFilter' to: [/*]
2019-04-04 11:07:15,261 INFO org.springframework.boot.web.servlet.AbstractFilterRegistrationBean [localhost-startStop-1] Mapping filter: 'hiddenHttpMethodFilter' to: [/*]
2019-04-04 11:07:15,261 INFO org.springframework.boot.web.servlet.AbstractFilterRegistrationBean [localhost-startStop-1] Mapping filter: 'httpPutFormContentFilter' to: [/*]
2019-04-04 11:07:15,261 INFO org.springframework.boot.web.servlet.AbstractFilterRegistrationBean [localhost-startStop-1] Mapping filter: 'requestContextFilter' to: [/*]
2019-04-04 11:07:15,261 INFO org.springframework.boot.web.servlet.AbstractFilterRegistrationBean [localhost-startStop-1] Mapping filter: 'springSecurityFilterChain' to: [/*]
2019-04-04 11:07:15,261 INFO org.springframework.boot.web.servlet.AbstractFilterRegistrationBean [localhost-startStop-1] Mapping filter: 'jwtAuthenticationFilter' to: [/*]
2019-04-04 11:07:15,261 INFO org.springframework.boot.web.servlet.ServletRegistrationBean [localhost-startStop-1] Servlet dispatcherServlet mapped to [/]
2019-04-04 11:07:15,292 DEBUG org.springframework.web.filter.GenericFilterBean [localhost-startStop-1] Initializing filter 'jwtAuthenticationFilter'
2019-04-04 11:07:15,292 DEBUG org.springframework.web.filter.GenericFilterBean [localhost-startStop-1] Filter 'jwtAuthenticationFilter' configured successfully
2019-04-04 11:07:15,732 INFO org.springframework.web.servlet.handler.AbstractUrlHandlerMapping [main] Mapped URL path [/**/favicon.ico] onto handler of type [class org.springframework.web.servlet.resource.ResourceHttpRequestHandler]
2019-04-04 11:07:15,754 WARN org.springframework.boot.autoconfigure.orm.jpa.JpaBaseConfiguration$JpaWebConfiguration$JpaWebMvcConfiguration [main] spring.jpa.open-in-view is enabled by default. Therefore, database queries may be performed during view rendering. Explicitly configure spring.jpa.open-in-view to disable this warning
2019-04-04 11:07:15,826 INFO org.springframework.web.servlet.handler.AbstractHandlerMethodMapping$MappingRegistry [main] Mapped "{[/api/users/login],methods=[POST]}" onto public org.springframework.http.ResponseEntity<?> com.confidential.AdminPortal.controller.AuthController.authenticateUser(com.confidential.AdminPortal.payload.LoginRequest)
2019-04-04 11:07:15,826 INFO org.springframework.web.servlet.handler.AbstractHandlerMethodMapping$MappingRegistry [main] Mapped "{[/api/users/signup],methods=[POST]}" onto public org.springframework.http.ResponseEntity<?> com.confidential.AdminPortal.controller.AuthController.registerUser(com.confidential.AdminPortal.payload.SignUpRequest)
2019-04-04 11:07:15,841 INFO org.springframework.web.servlet.handler.AbstractHandlerMethodMapping$MappingRegistry [main] Mapped "{[/error]}" onto public org.springframework.http.ResponseEntity<java.util.Map<java.lang.String, java.lang.Object>> org.springframework.boot.autoconfigure.web.servlet.error.BasicErrorController.error(javax.servlet.http.HttpServletRequest)
2019-04-04 11:07:15,841 INFO org.springframework.web.servlet.handler.AbstractHandlerMethodMapping$MappingRegistry [main] Mapped "{[/error],produces=[text/html]}" onto public org.springframework.web.servlet.ModelAndView org.springframework.boot.autoconfigure.web.servlet.error.BasicErrorController.errorHtml(javax.servlet.http.HttpServletRequest,javax.servlet.http.HttpServletResponse)
2019-04-04 11:07:15,888 INFO org.springframework.web.servlet.handler.AbstractUrlHandlerMapping [main] Mapped URL path [/webjars/**] onto handler of type [class org.springframework.web.servlet.resource.ResourceHttpRequestHandler]
2019-04-04 11:07:15,888 INFO org.springframework.web.servlet.handler.AbstractUrlHandlerMapping [main] Mapped URL path [/**] onto handler of type [class org.springframework.web.servlet.resource.ResourceHttpRequestHandler]
2019-04-04 11:07:15,935 INFO org.springframework.security.web.DefaultSecurityFilterChain [main] Creating filter chain: org.springframework.security.web.util.matcher.AnyRequestMatcher@1, [org.springframework.security.web.context.request.async.WebAsyncManagerIntegrationFilter@9a6fbc0, org.springframework.security.web.context.SecurityContextPersistenceFilter@359b650b, org.springframework.security.web.header.HeaderWriterFilter@38704ff0, org.springframework.web.filter.CorsFilter@c1fa7d4, org.springframework.security.web.authentication.logout.LogoutFilter@1f387978, com.confidential.AdminPortal.security.JwtAuthenticationFilter@267e4063, org.springframework.security.web.savedrequest.RequestCacheAwareFilter@10667848, org.springframework.security.web.servletapi.SecurityContextHolderAwareRequestFilter@2c6ee758, org.springframework.security.web.authentication.AnonymousAuthenticationFilter@7a93b263, org.springframework.security.web.session.SessionManagementFilter@1a28aef1, org.springframework.security.web.access.ExceptionTranslationFilter@971e903, org.springframework.security.web.access.intercept.FilterSecurityInterceptor@506dcf55]
2019-04-04 11:07:16,231 INFO org.springframework.web.servlet.mvc.method.annotation.RequestMappingHandlerAdapter [main] Looking for @ControllerAdvice: org.springframework.boot.web.servlet.context.AnnotationConfigServletWebServerApplicationContext@72057ecf: startup date [Thu Apr 04 18:07:09 UTC 2019]; root of context hierarchy
2019-04-04 11:07:16,570 INFO org.springframework.jmx.export.MBeanExporter [main] Registering beans for JMX exposure on startup
2019-04-04 11:07:16,586 INFO org.springframework.jmx.export.MBeanExporter [main] Bean with name 'dataSource' has been autodetected for JMX exposure
2019-04-04 11:07:16,586 INFO org.springframework.jmx.export.MBeanExporter [main] Located MBean 'dataSource': registering with JMX server as MBean [com.zaxxer.hikari:name=dataSource,type=HikariDataSource]
2019-04-04 11:07:16,602 INFO org.apache.juli.logging.DirectJDKLog [main] Starting ProtocolHandler ["http-nio-5000"]
2019-04-04 11:07:16,617 INFO org.apache.juli.logging.DirectJDKLog [main] Using a shared selector for servlet write/read
2019-04-04 11:07:16,633 INFO org.springframework.boot.web.embedded.tomcat.TomcatWebServer [main] Tomcat started on port(s): 5000 (http) with context path ''
2019-04-04 11:07:16,648 INFO org.springframework.boot.StartupInfoLogger [main] Started AdminPortalApplication in 7.282 seconds (JVM running for 7.809)
2019-04-04 11:07:31,276 INFO org.apache.juli.logging.DirectJDKLog [http-nio-5000-exec-1] Initializing Spring FrameworkServlet 'dispatcherServlet'
2019-04-04 11:07:31,292 INFO org.springframework.web.servlet.FrameworkServlet [http-nio-5000-exec-1] FrameworkServlet 'dispatcherServlet': initialization started
2019-04-04 11:07:31,335 INFO org.springframework.web.servlet.FrameworkServlet [http-nio-5000-exec-1] FrameworkServlet 'dispatcherServlet': initialization completed in 36 ms
2019-04-04 11:07:31,426 ERROR com.confidential.AdminPortal.security.JwtAuthenticationEntryPoint [http-nio-5000-exec-1] Responding with unauthorized error. Message - Full authentication is required to access this resource
2019-04-04 11:08:42,694 ERROR com.confidential.AdminPortal.security.JwtAuthenticationEntryPoint [http-nio-5000-exec-4] Responding with unauthorized error. Message - Full authentication is required to access this resource
